# JRE version: Java(TM) SE Runtime Environment (18.0.2.1+1) (build 18.0.2.1+1-1)
# Java VM: Java HotSpot(TM) 64-Bit Server VM (18.0.2.1+1-1, mixed mode, emulated-client, sharing, tiered, compressed oops, compressed class ptrs, g1 gc, windows-amd64)
GC Precious Log:
 CardTable entry size: 512
 Card Set container configuration: InlinePtr #cards 5 size 8 Array Of Cards #cards 12 size 40 Howl #buckets 4 coarsen threshold 1843 Howl Bitmap #cards 512 size 80 coarsen threshold 460 Card regions per heap region 1 cards per card region 2048
 CPUs: 4 total, 4 available
 Memory: 4001M
 Large Page Support: Disabled
 NUMA Support: Disabled
 Compressed Oops: Enabled (32-bit)
 Heap Region Size: 1M
 Heap Min Capacity: 8M
 Heap Initial Capacity: 64M
 Heap Max Capacity: 1002M
 Pre-touch: Disabled
 Parallel Workers: 4
 Concurrent Workers: 1
 Concurrent Refinement Workers: 4
 Periodic GC: Disabled
Heap:
 garbage-first heap   total 65536K, used 18656K [0x00000000c1600000, 0x0000000100000000)
  region size 1024K, 3 young (3072K), 3 survivors (3072K)
 Metaspace       used 28593K, committed 29056K, reserved 1114112K
  class space    used 3906K, committed 4096K, reserved 1048576K
GC Heap History (15 events):
Event: 1.544 GC heap before
{Heap before GC invocations=0 (full 0):
 garbage-first heap   total 65536K, used 13312K [0x00000000c1600000, 0x0000000100000000)
  region size 1024K, 13 young (13312K), 0 survivors (0K)
 Metaspace       used 4731K, committed 4928K, reserved 1114112K
  class space    used 552K, committed 640K, reserved 1048576K
}
Event: 1.558 GC heap after
{Heap after GC invocations=1 (full 0):
 garbage-first heap   total 65536K, used 7690K [0x00000000c1600000, 0x0000000100000000)
  region size 1024K, 2 young (2048K), 2 survivors (2048K)
 Metaspace       used 4731K, committed 4928K, reserved 1114112K
  class space    used 552K, committed 640K, reserved 1048576K
}
Event: 1.894 GC heap before
{Heap before GC invocations=1 (full 0):
 garbage-first heap   total 65536K, used 13834K [0x00000000c1600000, 0x0000000100000000)
  region size 1024K, 8 young (8192K), 2 survivors (2048K)
 Metaspace       used 6892K, committed 7104K, reserved 1114112K
  class space    used 834K, committed 960K, reserved 1048576K
}
Event: 1.902 GC heap after
{Heap after GC invocations=2 (full 0):
 garbage-first heap   total 65536K, used 8556K [0x00000000c1600000, 0x0000000100000000)
  region size 1024K, 1 young (1024K), 1 survivors (1024K)
 Metaspace       used 6892K, committed 7104K, reserved 1114112K
  class space    used 834K, committed 960K, reserved 1048576K
}
Event: 3.215 GC heap before
{Heap before GC invocations=2 (full 0):
 garbage-first heap   total 65536K, used 28012K [0x00000000c1600000, 0x0000000100000000)
  region size 1024K, 21 young (21504K), 1 survivors (1024K)
 Metaspace       used 11619K, committed 11904K, reserved 1114112K
  class space    used 1568K, committed 1728K, reserved 1048576K
}
Event: 3.220 GC heap after
{Heap after GC invocations=3 (full 0):
 garbage-first heap   total 65536K, used 10131K [0x00000000c1600000, 0x0000000100000000)
  region size 1024K, 3 young (3072K), 3 survivors (3072K)
 Metaspace       used 11619K, committed 11904K, reserved 1114112K
  class space    used 1568K, committed 1728K, reserved 1048576K
}
Event: 3.847 GC heap before
{Heap before GC invocations=3 (full 0):
 garbage-first heap   total 65536K, used 38803K [0x00000000c1600000, 0x0000000100000000)
  region size 1024K, 32 young (32768K), 3 survivors (3072K)
 Metaspace       used 18367K, committed 18688K, reserved 1114112K
  class space    used 2410K, committed 2560K, reserved 1048576K
}
Event: 3.855 GC heap after
{Heap after GC invocations=4 (full 0):
 garbage-first heap   total 65536K, used 12060K [0x00000000c1600000, 0x0000000100000000)
  region size 1024K, 4 young (4096K), 4 survivors (4096K)
 Metaspace       used 18367K, committed 18688K, reserved 1114112K
  class space    used 2410K, committed 2560K, reserved 1048576K
}
Event: 4.760 GC heap before
{Heap before GC invocations=4 (full 0):
 garbage-first heap   total 65536K, used 33564K [0x00000000c1600000, 0x0000000100000000)
  region size 1024K, 27 young (27648K), 4 survivors (4096K)
 Metaspace       used 21177K, committed 21504K, reserved 1114112K
  class space    used 2733K, committed 2880K, reserved 1048576K
}
Event: 4.772 GC heap after
{Heap after GC invocations=5 (full 0):
 garbage-first heap   total 65536K, used 14872K [0x00000000c1600000, 0x0000000100000000)
  region size 1024K, 5 young (5120K), 5 survivors (5120K)
 Metaspace       used 21177K, committed 21504K, reserved 1114112K
  class space    used 2733K, committed 2880K, reserved 1048576K
}
Event: 6.225 GC heap before
{Heap before GC invocations=6 (full 0):
 garbage-first heap   total 55296K, used 42520K [0x00000000c1600000, 0x0000000100000000)
  region size 1024K, 32 young (32768K), 5 survivors (5120K)
 Metaspace       used 25148K, committed 25536K, reserved 1114112K
  class space    used 3383K, committed 3584K, reserved 1048576K
}
Event: 6.244 GC heap after
{Heap after GC invocations=7 (full 0):
 garbage-first heap   total 55296K, used 16078K [0x00000000c1600000, 0x0000000100000000)
  region size 1024K, 2 young (2048K), 2 survivors (2048K)
 Metaspace       used 25148K, committed 25536K, reserved 1114112K
  class space    used 3383K, committed 3584K, reserved 1048576K
}
Event: 6.270 GC heap before
{Heap before GC invocations=7 (full 0):
 garbage-first heap   total 55296K, used 17102K [0x00000000c1600000, 0x0000000100000000)
  region size 1024K, 3 young (3072K), 2 survivors (2048K)
 Metaspace       used 25187K, committed 25600K, reserved 1114112K
  class space    used 3387K, committed 3584K, reserved 1048576K
}
Event: 6.281 GC heap after
{Heap after GC invocations=8 (full 0):
 garbage-first heap   total 55296K, used 16777K [0x00000000c1600000, 0x0000000100000000)
  region size 1024K, 1 young (1024K), 1 survivors (1024K)
 Metaspace       used 25187K, committed 25600K, reserved 1114112K
  class space    used 3387K, committed 3584K, reserved 1048576K
}
Event: 7.376 GC heap before
{Heap before GC invocations=8 (full 0):
 garbage-first heap   total 55296K, used 38281K [0x00000000c1600000, 0x0000000100000000)
  region size 1024K, 23 young (23552K), 1 survivors (1024K)
 Metaspace       used 28593K, committed 29056K, reserved 1114112K
  class space    used 3906K, committed 4096K, reserved 1048576K
}

